<?xml version="1.0" encoding="UTF-8"?>
<!-- Generated by org.testng.reporters.JUnitXMLReporter -->
<testsuite hostname="DESKTOP-4LU25GP" ignored="0" name="Automation of practo.com in Chrome" tests="8" failures="1" timestamp="13 Oct 2020 14:57:37 GMT" time="114.875" errors="0">
  <testcase name="verifyHomepagePageTest" time="1.779" classname="com.test.BaseTest"/>
  <testcase name="doLoginTest" time="6.413" classname="com.test.BaseTest"/>
  <testcase name="searchtest" time="17.335" classname="com.test.BaseTest"/>
  <testcase name="FilterSearch" time="7.821" classname="com.test.BaseTest"/>
  <testcase name="getNames" time="0.677" classname="com.test.BaseTest"/>
  <testcase name="writeExcel" time="5.616" classname="com.test.BaseTest"/>
  <testcase name="SignOut" time="4.638" classname="com.test.BaseTest"/>
  <testcase name="invsearchtest" time="20.901" classname="com.test.BaseTest">
    <failure type="java.lang.NullPointerException">
      <![CDATA[java.lang.NullPointerException
at com.pom.utilities.SearchPage.dosearch(SearchPage.java:92)
at com.test.BaseTest.invsearchtest(BaseTest.java:200)
... Removed 25 stack frames]]>
    </failure>
  </testcase> <!-- invsearchtest -->
</testsuite> <!-- Automation of practo.com in Chrome -->
