<?xml version="1.0" encoding="UTF-8"?>
<!-- Generated by org.testng.reporters.JUnitXMLReporter -->
<testsuite hostname="DESKTOP-4LU25GP" ignored="0" name="Automation of practo.com in Edge" tests="8" failures="1" timestamp="13 Oct 2020 14:59:09 GMT" time="91.659" errors="0">
  <testcase name="verifyHomepagePageTest" time="0.184" classname="com.test.BaseTest"/>
  <testcase name="doLoginTest" time="5.625" classname="com.test.BaseTest"/>
  <testcase name="searchtest" time="4.694" classname="com.test.BaseTest"/>
  <testcase name="FilterSearch" time="8.66" classname="com.test.BaseTest"/>
  <testcase name="getNames" time="0.446" classname="com.test.BaseTest"/>
  <testcase name="writeExcel" time="0.151" classname="com.test.BaseTest"/>
  <testcase name="SignOut" time="6.324" classname="com.test.BaseTest"/>
  <testcase name="invsearchtest" time="20.632" classname="com.test.BaseTest">
    <failure type="java.lang.NullPointerException">
      <![CDATA[java.lang.NullPointerException
at com.pom.utilities.SearchPage.dosearch(SearchPage.java:92)
at com.test.BaseTest.invsearchtest(BaseTest.java:200)
... Removed 25 stack frames]]>
    </failure>
  </testcase> <!-- invsearchtest -->
</testsuite> <!-- Automation of practo.com in Edge -->
