<?xml version="1.0" encoding="UTF-8"?>
<testng-results skipped="0" failed="2" ignored="0" total="16" passed="14">
  <reporter-output>
  </reporter-output>
  <suite name="Suite" duration-ms="207274" started-at="2020-10-13T14:55:42Z" finished-at="2020-10-13T14:59:09Z">
    <groups>
    </groups>
    <test name="Automation of practo.com in Chrome" duration-ms="114875" started-at="2020-10-13T14:55:42Z" finished-at="2020-10-13T14:57:36Z">
      <class name="com.test.BaseTest">
        <test-method status="PASS" signature="createDriver(java.lang.String)[pri:0, instance:com.test.BaseTest@1f0f1111]" name="createDriver" is-config="true" duration-ms="25861" started-at="2020-10-13T14:55:42Z" description="Opening Browser" finished-at="2020-10-13T14:56:08Z">
          <params>
            <param index="0">
              <value>
                <![CDATA[chrome]]>
              </value>
            </param>
          </params>
          <reporter-output>
          </reporter-output>
        </test-method> <!-- createDriver -->
        <test-method status="PASS" signature="verifyHomepagePageTest()[pri:1, instance:com.test.BaseTest@1f0f1111]" name="verifyHomepagePageTest" duration-ms="1779" started-at="2020-10-13T14:56:08Z" finished-at="2020-10-13T14:56:09Z">
          <reporter-output>
          </reporter-output>
        </test-method> <!-- verifyHomepagePageTest -->
        <test-method status="PASS" signature="doLoginTest()[pri:2, instance:com.test.BaseTest@1f0f1111]" name="doLoginTest" duration-ms="6413" started-at="2020-10-13T14:56:10Z" finished-at="2020-10-13T14:56:17Z">
          <reporter-output>
          </reporter-output>
        </test-method> <!-- doLoginTest -->
        <test-method status="PASS" signature="searchtest()[pri:3, instance:com.test.BaseTest@1f0f1111]" name="searchtest" duration-ms="17335" started-at="2020-10-13T14:56:17Z" finished-at="2020-10-13T14:56:35Z">
          <reporter-output>
          </reporter-output>
        </test-method> <!-- searchtest -->
        <test-method status="PASS" signature="FilterSearch()[pri:4, instance:com.test.BaseTest@1f0f1111]" name="FilterSearch" duration-ms="7821" started-at="2020-10-13T14:56:49Z" finished-at="2020-10-13T14:56:57Z">
          <reporter-output>
          </reporter-output>
        </test-method> <!-- FilterSearch -->
        <test-method status="PASS" signature="getNames()[pri:5, instance:com.test.BaseTest@1f0f1111]" name="getNames" duration-ms="677" started-at="2020-10-13T14:56:59Z" finished-at="2020-10-13T14:57:00Z">
          <reporter-output>
          </reporter-output>
        </test-method> <!-- getNames -->
        <test-method status="PASS" signature="writeExcel()[pri:6, instance:com.test.BaseTest@1f0f1111]" name="writeExcel" duration-ms="5616" started-at="2020-10-13T14:57:00Z" finished-at="2020-10-13T14:57:06Z">
          <reporter-output>
          </reporter-output>
        </test-method> <!-- writeExcel -->
        <test-method status="PASS" signature="SignOut()[pri:7, instance:com.test.BaseTest@1f0f1111]" name="SignOut" duration-ms="4638" started-at="2020-10-13T14:57:06Z" finished-at="2020-10-13T14:57:11Z">
          <reporter-output>
          </reporter-output>
        </test-method> <!-- SignOut -->
        <test-method status="FAIL" signature="invsearchtest()[pri:8, instance:com.test.BaseTest@1f0f1111]" name="invsearchtest" duration-ms="20901" started-at="2020-10-13T14:57:11Z" finished-at="2020-10-13T14:57:32Z">
          <exception class="java.lang.NullPointerException">
            <full-stacktrace>
              <![CDATA[java.lang.NullPointerException
at com.pom.utilities.SearchPage.dosearch(SearchPage.java:92)
at com.test.BaseTest.invsearchtest(BaseTest.java:200)
at sun.reflect.NativeMethodAccessorImpl.invoke0(Native Method)
at sun.reflect.NativeMethodAccessorImpl.invoke(NativeMethodAccessorImpl.java:62)
at sun.reflect.DelegatingMethodAccessorImpl.invoke(DelegatingMethodAccessorImpl.java:43)
at java.lang.reflect.Method.invoke(Method.java:498)
at org.testng.internal.MethodInvocationHelper.invokeMethod(MethodInvocationHelper.java:124)
at org.testng.internal.Invoker.invokeMethod(Invoker.java:583)
at org.testng.internal.Invoker.invokeTestMethod(Invoker.java:719)
at org.testng.internal.Invoker.invokeTestMethods(Invoker.java:989)
at org.testng.internal.TestMethodWorker.invokeTestMethods(TestMethodWorker.java:125)
at org.testng.internal.TestMethodWorker.run(TestMethodWorker.java:109)
at org.testng.TestRunner.privateRun(TestRunner.java:648)
at org.testng.TestRunner.run(TestRunner.java:505)
at org.testng.SuiteRunner.runTest(SuiteRunner.java:455)
at org.testng.SuiteRunner.runSequentially(SuiteRunner.java:450)
at org.testng.SuiteRunner.privateRun(SuiteRunner.java:415)
at org.testng.SuiteRunner.run(SuiteRunner.java:364)
at org.testng.SuiteRunnerWorker.runSuite(SuiteRunnerWorker.java:52)
at org.testng.SuiteRunnerWorker.run(SuiteRunnerWorker.java:84)
at org.testng.TestNG.runSuitesSequentially(TestNG.java:1208)
at org.testng.TestNG.runSuitesLocally(TestNG.java:1137)
at org.testng.TestNG.runSuites(TestNG.java:1049)
at org.testng.TestNG.run(TestNG.java:1017)
at org.testng.remote.AbstractRemoteTestNG.run(AbstractRemoteTestNG.java:115)
at org.testng.remote.RemoteTestNG.initAndRun(RemoteTestNG.java:251)
at org.testng.remote.RemoteTestNG.main(RemoteTestNG.java:77)
]]>
            </full-stacktrace>
          </exception> <!-- java.lang.NullPointerException -->
          <reporter-output>
          </reporter-output>
        </test-method> <!-- invsearchtest -->
        <test-method status="PASS" signature="tearDown()[pri:0, instance:com.test.BaseTest@1f0f1111]" name="tearDown" is-config="true" duration-ms="3561" started-at="2020-10-13T14:57:33Z" finished-at="2020-10-13T14:57:36Z">
          <reporter-output>
          </reporter-output>
        </test-method> <!-- tearDown -->
      </class> <!-- com.test.BaseTest -->
    </test> <!-- Automation of practo.com in Chrome -->
    <test name="Automation of practo.com in Edge" duration-ms="91659" started-at="2020-10-13T14:57:37Z" finished-at="2020-10-13T14:59:09Z">
      <class name="com.test.BaseTest">
        <test-method status="PASS" signature="createDriver(java.lang.String)[pri:0, instance:com.test.BaseTest@6ef888f6]" name="createDriver" is-config="true" duration-ms="37130" started-at="2020-10-13T14:57:37Z" description="Opening Browser" finished-at="2020-10-13T14:58:14Z">
          <params>
            <param index="0">
              <value>
                <![CDATA[msedge]]>
              </value>
            </param>
          </params>
          <reporter-output>
          </reporter-output>
        </test-method> <!-- createDriver -->
        <test-method status="PASS" signature="verifyHomepagePageTest()[pri:1, instance:com.test.BaseTest@6ef888f6]" name="verifyHomepagePageTest" duration-ms="184" started-at="2020-10-13T14:58:14Z" finished-at="2020-10-13T14:58:15Z">
          <reporter-output>
          </reporter-output>
        </test-method> <!-- verifyHomepagePageTest -->
        <test-method status="PASS" signature="doLoginTest()[pri:2, instance:com.test.BaseTest@6ef888f6]" name="doLoginTest" duration-ms="5625" started-at="2020-10-13T14:58:15Z" finished-at="2020-10-13T14:58:21Z">
          <reporter-output>
          </reporter-output>
        </test-method> <!-- doLoginTest -->
        <test-method status="PASS" signature="searchtest()[pri:3, instance:com.test.BaseTest@6ef888f6]" name="searchtest" duration-ms="4694" started-at="2020-10-13T14:58:21Z" finished-at="2020-10-13T14:58:26Z">
          <reporter-output>
          </reporter-output>
        </test-method> <!-- searchtest -->
        <test-method status="PASS" signature="FilterSearch()[pri:4, instance:com.test.BaseTest@6ef888f6]" name="FilterSearch" duration-ms="8660" started-at="2020-10-13T14:58:29Z" finished-at="2020-10-13T14:58:37Z">
          <reporter-output>
          </reporter-output>
        </test-method> <!-- FilterSearch -->
        <test-method status="PASS" signature="getNames()[pri:5, instance:com.test.BaseTest@6ef888f6]" name="getNames" duration-ms="446" started-at="2020-10-13T14:58:39Z" finished-at="2020-10-13T14:58:39Z">
          <reporter-output>
          </reporter-output>
        </test-method> <!-- getNames -->
        <test-method status="PASS" signature="writeExcel()[pri:6, instance:com.test.BaseTest@6ef888f6]" name="writeExcel" duration-ms="151" started-at="2020-10-13T14:58:39Z" finished-at="2020-10-13T14:58:39Z">
          <reporter-output>
          </reporter-output>
        </test-method> <!-- writeExcel -->
        <test-method status="PASS" signature="SignOut()[pri:7, instance:com.test.BaseTest@6ef888f6]" name="SignOut" duration-ms="6324" started-at="2020-10-13T14:58:40Z" finished-at="2020-10-13T14:58:46Z">
          <reporter-output>
          </reporter-output>
        </test-method> <!-- SignOut -->
        <test-method status="FAIL" signature="invsearchtest()[pri:8, instance:com.test.BaseTest@6ef888f6]" name="invsearchtest" duration-ms="20632" started-at="2020-10-13T14:58:47Z" finished-at="2020-10-13T14:59:07Z">
          <exception class="java.lang.NullPointerException">
            <full-stacktrace>
              <![CDATA[java.lang.NullPointerException
at com.pom.utilities.SearchPage.dosearch(SearchPage.java:92)
at com.test.BaseTest.invsearchtest(BaseTest.java:200)
at sun.reflect.NativeMethodAccessorImpl.invoke0(Native Method)
at sun.reflect.NativeMethodAccessorImpl.invoke(NativeMethodAccessorImpl.java:62)
at sun.reflect.DelegatingMethodAccessorImpl.invoke(DelegatingMethodAccessorImpl.java:43)
at java.lang.reflect.Method.invoke(Method.java:498)
at org.testng.internal.MethodInvocationHelper.invokeMethod(MethodInvocationHelper.java:124)
at org.testng.internal.Invoker.invokeMethod(Invoker.java:583)
at org.testng.internal.Invoker.invokeTestMethod(Invoker.java:719)
at org.testng.internal.Invoker.invokeTestMethods(Invoker.java:989)
at org.testng.internal.TestMethodWorker.invokeTestMethods(TestMethodWorker.java:125)
at org.testng.internal.TestMethodWorker.run(TestMethodWorker.java:109)
at org.testng.TestRunner.privateRun(TestRunner.java:648)
at org.testng.TestRunner.run(TestRunner.java:505)
at org.testng.SuiteRunner.runTest(SuiteRunner.java:455)
at org.testng.SuiteRunner.runSequentially(SuiteRunner.java:450)
at org.testng.SuiteRunner.privateRun(SuiteRunner.java:415)
at org.testng.SuiteRunner.run(SuiteRunner.java:364)
at org.testng.SuiteRunnerWorker.runSuite(SuiteRunnerWorker.java:52)
at org.testng.SuiteRunnerWorker.run(SuiteRunnerWorker.java:84)
at org.testng.TestNG.runSuitesSequentially(TestNG.java:1208)
at org.testng.TestNG.runSuitesLocally(TestNG.java:1137)
at org.testng.TestNG.runSuites(TestNG.java:1049)
at org.testng.TestNG.run(TestNG.java:1017)
at org.testng.remote.AbstractRemoteTestNG.run(AbstractRemoteTestNG.java:115)
at org.testng.remote.RemoteTestNG.initAndRun(RemoteTestNG.java:251)
at org.testng.remote.RemoteTestNG.main(RemoteTestNG.java:77)
]]>
            </full-stacktrace>
          </exception> <!-- java.lang.NullPointerException -->
          <reporter-output>
          </reporter-output>
        </test-method> <!-- invsearchtest -->
        <test-method status="PASS" signature="tearDown()[pri:0, instance:com.test.BaseTest@6ef888f6]" name="tearDown" is-config="true" duration-ms="1219" started-at="2020-10-13T14:59:08Z" finished-at="2020-10-13T14:59:09Z">
          <reporter-output>
          </reporter-output>
        </test-method> <!-- tearDown -->
      </class> <!-- com.test.BaseTest -->
    </test> <!-- Automation of practo.com in Edge -->
  </suite> <!-- Suite -->
</testng-results>
